<?xml version="1.0" encoding="UTF-8"?>
<testng-results ignored="0" total="1" passed="1" failed="0" skipped="0">
  <reporter-output>
  </reporter-output>
  <suite started-at="2022-01-28T16:25:14 BRT" name="Default suite" finished-at="2022-01-28T16:25:32 BRT" duration-ms="18683">
    <groups>
      <group name="cucumber">
        <method signature="AbstractTestNGCucumberTests.runScenario(io.cucumber.testng.PickleWrapper,io.cucumber.testng.FeatureWrapper)[pri:0, instance:Runner.RunnerClass@3f6b0be5]" name="runScenario" class="io.cucumber.testng.AbstractTestNGCucumberTests"/>
      </group> <!-- cucumber -->
    </groups>
    <test started-at="2022-01-28T16:25:14 BRT" name="Default test" finished-at="2022-01-28T16:25:32 BRT" duration-ms="18683">
      <class name="Runner.RunnerClass">
        <test-method is-config="true" signature="setUpClass(org.testng.ITestContext)[pri:0, instance:Runner.RunnerClass@3f6b0be5]" started-at="2022-01-28T16:25:14 BRT" name="setUpClass" finished-at="2022-01-28T16:25:14 BRT" duration-ms="444" status="PASS">
          <params>
            <param index="0">
              <value>
                <![CDATA[org.testng.TestRunner@34989ceb]]>
              </value>
            </param>
          </params>
          <reporter-output>
          </reporter-output>
        </test-method> <!-- setUpClass -->
        <test-method signature="runScenario(io.cucumber.testng.PickleWrapper,io.cucumber.testng.FeatureWrapper)[pri:0, instance:Runner.RunnerClass@3f6b0be5]" started-at="2022-01-28T16:25:14 BRT" name="runScenario" description="Runs Cucumber Scenarios" data-provider="scenarios" finished-at="2022-01-28T16:25:32 BRT" duration-ms="18118" status="PASS">
          <params>
            <param index="0">
              <value>
                <![CDATA["Adicionar usuario"]]>
              </value>
            </param>
            <param index="1">
              <value>
                <![CDATA["Optional[Geranciamento de usuarios CRUD]"]]>
              </value>
            </param>
          </params>
          <reporter-output>
          </reporter-output>
        </test-method> <!-- runScenario -->
        <test-method is-config="true" signature="tearDownClass()[pri:0, instance:Runner.RunnerClass@3f6b0be5]" started-at="2022-01-28T16:25:32 BRT" name="tearDownClass" finished-at="2022-01-28T16:25:32 BRT" duration-ms="94" status="PASS">
          <reporter-output>
          </reporter-output>
        </test-method> <!-- tearDownClass -->
      </class> <!-- Runner.RunnerClass -->
    </test> <!-- Default test -->
  </suite> <!-- Default suite -->
</testng-results>
